# JRE version: Java(TM) SE Runtime Environment (7.0_55-b13) (build 1.7.0_55-b13)
# Java VM: Java HotSpot(TM) Client VM (24.55-b03 mixed mode windows-x86 )
Heap
 def new generation   total 9792K, used 291K [0x04640000, 0x050d0000, 0x09b90000)
  eden space 8768K,   3% used [0x04640000, 0x04688ef8, 0x04ed0000)
  from space 1024K,   0% used [0x04ed0000, 0x04ed0000, 0x04fd0000)
  to   space 1024K,   0% used [0x04fd0000, 0x04fd0000, 0x050d0000)
 tenured generation   total 21528K, used 12915K [0x09b90000, 0x0b096000, 0x14640000)
   the space 21528K,  59% used [0x09b90000, 0x0a82ce90, 0x0a82d000, 0x0b096000)
 compacting perm gen  total 15872K, used 15753K [0x14640000, 0x155c0000, 0x18640000)
   the space 15872K,  99% used [0x14640000, 0x155a25e8, 0x155a2600, 0x155c0000)
GC Heap History (10 events):
Event: 8.101 GC heap before
{Heap before GC invocations=53 (full 2):
 def new generation   total 8576K, used 8576K [0x04640000, 0x04f80000, 0x09b90000)
  eden space 7680K, 100% used [0x04640000, 0x04dc0000, 0x04dc0000)
  from space 896K, 100% used [0x04dc0000, 0x04ea0000, 0x04ea0000)
  to   space 896K,   0% used [0x04ea0000, 0x04ea0000, 0x04f80000)
 tenured generation   total 18876K, used 13149K [0x09b90000, 0x0adff000, 0x14640000)
   the space 18876K,  69% used [0x09b90000, 0x0a867480, 0x0a867600, 0x0adff000)
 compacting perm gen  total 14848K, used 14737K [0x14640000, 0x154c0000, 0x18640000)
   the space 14848K,  99% used [0x14640000, 0x154a4678, 0x154a4800, 0x154c0000)
No shared spaces configured.
Event: 8.106 GC heap after
Heap after GC invocations=54 (full 2):
 def new generation   total 8576K, used 584K [0x04640000, 0x04f80000, 0x09b90000)
  eden space 7680K,   0% used [0x04640000, 0x04640000, 0x04dc0000)
  from space 896K,  65% used [0x04ea0000, 0x04f322a0, 0x04f80000)
  to   space 896K,   0% used [0x04dc0000, 0x04dc0000, 0x04ea0000)
 tenured generation   total 18876K, used 13700K [0x09b90000, 0x0adff000, 0x14640000)
   the space 18876K,  72% used [0x09b90000, 0x0a8f1260, 0x0a8f1400, 0x0adff000)
 compacting perm gen  total 14848K, used 14737K [0x14640000, 0x154c0000, 0x18640000)
   the space 14848K,  99% used [0x14640000, 0x154a4678, 0x154a4800, 0x154c0000)
No shared spaces configured.
}
Event: 8.224 GC heap before
{Heap before GC invocations=54 (full 2):
 def new generation   total 8576K, used 8264K [0x04640000, 0x04f80000, 0x09b90000)
  eden space 7680K, 100% used [0x04640000, 0x04dc0000, 0x04dc0000)
  from space 896K,  65% used [0x04ea0000, 0x04f322a0, 0x04f80000)
  to   space 896K,   0% used [0x04dc0000, 0x04dc0000, 0x04ea0000)
 tenured generation   total 18876K, used 13700K [0x09b90000, 0x0adff000, 0x14640000)
   the space 18876K,  72% used [0x09b90000, 0x0a8f1260, 0x0a8f1400, 0x0adff000)
 compacting perm gen  total 14848K, used 14737K [0x14640000, 0x154c0000, 0x18640000)
   the space 14848K,  99% used [0x14640000, 0x154a4678, 0x154a4800, 0x154c0000)
No shared spaces configured.
Event: 8.227 GC heap after
Heap after GC invocations=55 (full 2):
 def new generation   total 8576K, used 479K [0x04640000, 0x04f80000, 0x09b90000)
  eden space 7680K,   0% used [0x04640000, 0x04640000, 0x04dc0000)
  from space 896K,  53% used [0x04dc0000, 0x04e37f70, 0x04ea0000)
  to   space 896K,   0% used [0x04ea0000, 0x04ea0000, 0x04f80000)
 tenured generation   total 18876K, used 14031K [0x09b90000, 0x0adff000, 0x14640000)
   the space 18876K,  74% used [0x09b90000, 0x0a943e60, 0x0a944000, 0x0adff000)
 compacting perm gen  total 14848K, used 14737K [0x14640000, 0x154c0000, 0x18640000)
   the space 14848K,  99% used [0x14640000, 0x154a4678, 0x154a4800, 0x154c0000)
No shared spaces configured.
}
Event: 8.330 GC heap before
{Heap before GC invocations=55 (full 2):
 def new generation   total 8576K, used 8159K [0x04640000, 0x04f80000, 0x09b90000)
  eden space 7680K, 100% used [0x04640000, 0x04dc0000, 0x04dc0000)
  from space 896K,  53% used [0x04dc0000, 0x04e37f70, 0x04ea0000)
  to   space 896K,   0% used [0x04ea0000, 0x04ea0000, 0x04f80000)
 tenured generation   total 18876K, used 14031K [0x09b90000, 0x0adff000, 0x14640000)
   the space 18876K,  74% used [0x09b90000, 0x0a943e60, 0x0a944000, 0x0adff000)
 compacting perm gen  total 14848K, used 14738K [0x14640000, 0x154c0000, 0x18640000)
   the space 14848K,  99% used [0x14640000, 0x154a4b20, 0x154a4c00, 0x154c0000)
No shared spaces configured.
Event: 8.333 GC heap after
Heap after GC invocations=56 (full 2):
 def new generation   total 8576K, used 403K [0x04640000, 0x04f80000, 0x09b90000)
  eden space 7680K,   0% used [0x04640000, 0x04640000, 0x04dc0000)
  from space 896K,  45% used [0x04ea0000, 0x04f04d80, 0x04f80000)
  to   space 896K,   0% used [0x04dc0000, 0x04dc0000, 0x04ea0000)
 tenured generation   total 18876K, used 14369K [0x09b90000, 0x0adff000, 0x14640000)
   the space 18876K,  76% used [0x09b90000, 0x0a9987b0, 0x0a998800, 0x0adff000)
 compacting perm gen  total 14848K, used 14738K [0x14640000, 0x154c0000, 0x18640000)
   the space 14848K,  99% used [0x14640000, 0x154a4b20, 0x154a4c00, 0x154c0000)
No shared spaces configured.
}
Event: 8.558 GC heap before
{Heap before GC invocations=56 (full 2):
 def new generation   total 8576K, used 8083K [0x04640000, 0x04f80000, 0x09b90000)
  eden space 7680K, 100% used [0x04640000, 0x04dc0000, 0x04dc0000)
  from space 896K,  45% used [0x04ea0000, 0x04f04d80, 0x04f80000)
  to   space 896K,   0% used [0x04dc0000, 0x04dc0000, 0x04ea0000)
 tenured generation   total 18876K, used 14369K [0x09b90000, 0x0adff000, 0x14640000)
   the space 18876K,  76% used [0x09b90000, 0x0a9987b0, 0x0a998800, 0x0adff000)
 compacting perm gen  total 15104K, used 15051K [0x14640000, 0x15500000, 0x18640000)
   the space 15104K,  99% used [0x14640000, 0x154f2d38, 0x154f2e00, 0x15500000)
No shared spaces configured.
Event: 8.563 GC heap after
Heap after GC invocations=57 (full 2):
 def new generation   total 8576K, used 896K [0x04640000, 0x04f80000, 0x09b90000)
  eden space 7680K,   0% used [0x04640000, 0x04640000, 0x04dc0000)
  from space 896K, 100% used [0x04dc0000, 0x04ea0000, 0x04ea0000)
  to   space 896K,   0% used [0x04ea0000, 0x04ea0000, 0x04f80000)
 tenured generation   total 18876K, used 14825K [0x09b90000, 0x0adff000, 0x14640000)
   the space 18876K,  78% used [0x09b90000, 0x0aa0a448, 0x0aa0a600, 0x0adff000)
 compacting perm gen  total 15104K, used 15051K [0x14640000, 0x15500000, 0x18640000)
   the space 15104K,  99% used [0x14640000, 0x154f2d38, 0x154f2e00, 0x15500000)
No shared spaces configured.
}
Event: 10.298 GC heap before
{Heap before GC invocations=57 (full 2):
 def new generation   total 8576K, used 4790K [0x04640000, 0x04f80000, 0x09b90000)
  eden space 7680K,  50% used [0x04640000, 0x04a0d8a8, 0x04dc0000)
  from space 896K, 100% used [0x04dc0000, 0x04ea0000, 0x04ea0000)
  to   space 896K,   0% used [0x04ea0000, 0x04ea0000, 0x04f80000)
 tenured generation   total 18876K, used 14825K [0x09b90000, 0x0adff000, 0x14640000)
   the space 18876K,  78% used [0x09b90000, 0x0aa0a448, 0x0aa0a600, 0x0adff000)
 compacting perm gen  total 15872K, used 15751K [0x14640000, 0x155c0000, 0x18640000)
   the space 15872K,  99% used [0x14640000, 0x155a1e30, 0x155a2000, 0x155c0000)
No shared spaces configured.
Event: 10.383 GC heap after
Heap after GC invocations=58 (full 3):
 def new generation   total 9792K, used 0K [0x04640000, 0x050d0000, 0x09b90000)
  eden space 8768K,   0% used [0x04640000, 0x04640000, 0x04ed0000)
  from space 1024K,   0% used [0x04ed0000, 0x04ed0000, 0x04fd0000)
  to   space 1024K,   0% used [0x04fd0000, 0x04fd0000, 0x050d0000)
 tenured generation   total 21528K, used 12915K [0x09b90000, 0x0b096000, 0x14640000)
   the space 21528K,  59% used [0x09b90000, 0x0a82ce90, 0x0a82d000, 0x0b096000)
 compacting perm gen  total 15872K, used 15751K [0x14640000, 0x155c0000, 0x18640000)
   the space 15872K,  99% used [0x14640000, 0x155a1e30, 0x155a2000, 0x155c0000)
No shared spaces configured.
}

